WARNING: All log messages before absl::InitializeLog() is called are written to STDERR
I0000 00:00:1777438881.548492   15372 cpu_feature_guard.cc:227] This TensorFlow binary is optimized to use available CPU instructions in performance-critical operations.
To enable the following instructions: AVX2 FMA, in other operations, rebuild TensorFlow with the appropriate compiler flags.
I0000 00:00:1777438935.811246   15372 gpu_device.cc:2043] Created device /job:localhost/replica:0/task:0/device:GPU:0 with 38479 MB memory:  -> device: 0, name: NVIDIA A100-SXM4-40GB, pci bus id: 0000:c1:00.0, compute capability: 8.0
I0000 00:00:1777438939.165412   15463 service.cc:153] XLA service 0x7f17e003d2c0 initialized for platform CUDA (this does not guarantee that XLA will be used). Devices:
I0000 00:00:1777438939.165430   15463 service.cc:161]   StreamExecutor [0]: NVIDIA A100-SXM4-40GB, Compute Capability 8.0 (Driver: 13.0.0; Runtime: 12.9.0; Toolkit: 12.5.0; DNN: 9.21.0)
I0000 00:00:1777438939.210027   15463 dump_mlir_util.cc:269] disabling MLIR crash reproducer, set env var `MLIR_CRASH_REPRODUCER_DIRECTORY` to enable.
I0000 00:00:1777438939.620290   15463 cuda_dnn.cc:461] Loaded cuDNN version 92100
I0000 00:00:1777438939.764107   15463 dot_merger.cc:481] Merging Dots in computation: a_inference_one_step_on_data_4397__.46
I0000 00:00:1777438954.697513   15463 device_compiler.h:208] Compiled cluster using XLA!  This line is logged at most once for the lifetime of the process.
I0000 00:00:1777438955.420055   15463 dot_merger.cc:481] Merging Dots in computation: a_inference_one_step_on_data_4397__.46
I0000 00:00:1777438965.744731   15463 subprocess_compilation.cc:348] ptxas warning : Registers are spilled to local memory in function 'gemm_fusion_MatMul_62', 16 bytes spill stores, 16 bytes spill loads

I0000 00:00:1777438971.505330   15463 subprocess_compilation.cc:348] ptxas warning : Registers are spilled to local memory in function 'gemm_fusion_MatMul_18', 252 bytes spill stores, 252 bytes spill loads

I0000 00:00:1777438976.377915   15463 subprocess_compilation.cc:348] ptxas warning : Registers are spilled to local memory in function 'gemm_fusion_MatMul_18', 248 bytes spill stores, 248 bytes spill loads

I0000 00:00:1777439139.595403   15463 dot_merger.cc:481] Merging Dots in computation: a_inference_one_step_on_data_128535__.46
I0000 00:00:1777439142.492847   15463 dot_merger.cc:481] Merging Dots in computation: a_inference_one_step_on_data_128535__.46
I0000 00:00:1777439332.587006   15463 dot_merger.cc:481] Merging Dots in computation: a_inference_one_step_on_data_274894__.43
I0000 00:00:1777439335.906927   15463 dot_merger.cc:481] Merging Dots in computation: a_inference_one_step_on_data_274894__.43
I0000 00:00:1777439491.942443   15463 dot_merger.cc:481] Merging Dots in computation: a_inference_one_step_on_data_382175__.41
I0000 00:00:1777439494.523387   15463 dot_merger.cc:481] Merging Dots in computation: a_inference_one_step_on_data_382175__.41
I0000 00:00:1777439638.835447   15463 dot_merger.cc:481] Merging Dots in computation: a_inference_one_step_on_data_516648__.39
I0000 00:00:1777439641.872371   15463 dot_merger.cc:481] Merging Dots in computation: a_inference_one_step_on_data_516648__.39
I0000 00:00:1777439825.518952   15463 dot_merger.cc:481] Merging Dots in computation: a_inference_one_step_on_data_641932__.39
I0000 00:00:1777439828.532385   15463 dot_merger.cc:481] Merging Dots in computation: a_inference_one_step_on_data_641932__.39
I0000 00:00:1777439994.167642   15463 dot_merger.cc:481] Merging Dots in computation: a_inference_one_step_on_data_755855__.43
I0000 00:00:1777439997.471988   15463 dot_merger.cc:481] Merging Dots in computation: a_inference_one_step_on_data_755855__.43
I0000 00:00:1777440174.875440   15463 dot_merger.cc:481] Merging Dots in computation: a_inference_one_step_on_data_877911__.39
I0000 00:00:1777440177.899311   15463 dot_merger.cc:481] Merging Dots in computation: a_inference_one_step_on_data_877911__.39
I0000 00:00:1777440394.254565   15463 dot_merger.cc:481] Merging Dots in computation: a_inference_one_step_on_data_1024532__.41
I0000 00:00:1777440396.850086   15463 dot_merger.cc:481] Merging Dots in computation: a_inference_one_step_on_data_1024532__.41
I0000 00:00:1777440555.522009   15463 dot_merger.cc:481] Merging Dots in computation: a_inference_one_step_on_data_1171796__.43
I0000 00:00:1777440558.844642   15463 dot_merger.cc:481] Merging Dots in computation: a_inference_one_step_on_data_1171796__.43
I0000 00:00:1777440761.061234   15463 dot_merger.cc:481] Merging Dots in computation: a_inference_one_step_on_data_1309766__.39
I0000 00:00:1777440773.079591   15463 dot_merger.cc:481] Merging Dots in computation: a_inference_one_step_on_data_1309766__.39
I0000 00:00:1777440779.455300   15463 subprocess_compilation.cc:348] ptxas warning : Registers are spilled to local memory in function 'gemm_fusion_MatMul_62', 16 bytes spill stores, 16 bytes spill loads

I0000 00:00:1777440787.789762   15463 subprocess_compilation.cc:348] ptxas warning : Registers are spilled to local memory in function 'gemm_fusion_MatMul_18', 4 bytes spill stores, 4 bytes spill loads

I0000 00:00:1777440895.258732   15463 dot_merger.cc:481] Merging Dots in computation: a_inference_one_step_on_data_1419421__.35
I0000 00:00:1777440898.049738   15463 dot_merger.cc:481] Merging Dots in computation: a_inference_one_step_on_data_1419421__.35
I0000 00:00:1777440945.062844   15463 dot_merger.cc:481] Merging Dots in computation: a_inference_one_step_on_data_1476769__.35
I0000 00:00:1777440947.808140   15463 dot_merger.cc:481] Merging Dots in computation: a_inference_one_step_on_data_1476769__.35
I0000 00:00:1777441094.324706   15463 dot_merger.cc:481] Merging Dots in computation: a_inference_one_step_on_data_1610172__.46
I0000 00:00:1777441097.190782   15463 dot_merger.cc:481] Merging Dots in computation: a_inference_one_step_on_data_1610172__.46
I0000 00:00:1777441215.369742   15463 dot_merger.cc:481] Merging Dots in computation: a_inference_one_step_on_data_1747840__.39
I0000 00:00:1777441218.472070   15463 dot_merger.cc:481] Merging Dots in computation: a_inference_one_step_on_data_1747840__.39
I0000 00:00:1777441315.480090   15463 dot_merger.cc:481] Merging Dots in computation: a_inference_one_step_on_data_1863096__.41
I0000 00:00:1777441318.093852   15463 dot_merger.cc:481] Merging Dots in computation: a_inference_one_step_on_data_1863096__.41
I0000 00:00:1777441413.256141   15463 dot_merger.cc:481] Merging Dots in computation: a_inference_one_step_on_data_1981086__.41
I0000 00:00:1777441415.886533   15463 dot_merger.cc:481] Merging Dots in computation: a_inference_one_step_on_data_1981086__.41
I0000 00:00:1777441522.988891   15463 dot_merger.cc:481] Merging Dots in computation: a_inference_one_step_on_data_2110275__.39
I0000 00:00:1777441526.070524   15463 dot_merger.cc:481] Merging Dots in computation: a_inference_one_step_on_data_2110275__.39
I0000 00:00:1777441636.242613   15463 dot_merger.cc:481] Merging Dots in computation: a_inference_one_step_on_data_2233263__.51
I0000 00:00:1777441639.393243   15463 dot_merger.cc:481] Merging Dots in computation: a_inference_one_step_on_data_2233263__.51
I0000 00:00:1777441782.360883   15463 dot_merger.cc:481] Merging Dots in computation: a_inference_one_step_on_data_2375289__.39
I0000 00:00:1777441785.412843   15463 dot_merger.cc:481] Merging Dots in computation: a_inference_one_step_on_data_2375289__.39
I0000 00:00:1777441910.301714   15463 dot_merger.cc:481] Merging Dots in computation: a_inference_one_step_on_data_2517861__.46
I0000 00:00:1777441913.189015   15463 dot_merger.cc:481] Merging Dots in computation: a_inference_one_step_on_data_2517861__.46
I0000 00:00:1777442031.813819   15463 dot_merger.cc:481] Merging Dots in computation: a_inference_one_step_on_data_2653323__.39
I0000 00:00:1777442034.882276   15463 dot_merger.cc:481] Merging Dots in computation: a_inference_one_step_on_data_2653323__.39
I0000 00:00:1777442210.031388   15463 dot_merger.cc:481] Merging Dots in computation: a_inference_one_step_on_data_2773515__.51
I0000 00:00:1777442213.152904   15463 dot_merger.cc:481] Merging Dots in computation: a_inference_one_step_on_data_2773515__.51
I0000 00:00:1777442418.363958   15463 dot_merger.cc:481] Merging Dots in computation: a_inference_one_step_on_data_2912971__.35
I0000 00:00:1777442421.129076   15463 dot_merger.cc:481] Merging Dots in computation: a_inference_one_step_on_data_2912971__.35
I0000 00:00:1777442561.033820   15463 dot_merger.cc:481] Merging Dots in computation: a_inference_one_step_on_data_3041844__.39
I0000 00:00:1777442564.058092   15463 dot_merger.cc:481] Merging Dots in computation: a_inference_one_step_on_data_3041844__.39
GPUs detected: ['/physical_device:GPU:0']
Mixed precision: mixed_float16 enabled
Loading data...
  Loaded 131072 samples
  X shape: (131072, 6)  |  Y shape: (131072, 4)

Preprocessing...
  Train: 104857  |  Val: 26215

Generating search space...
  Total possible combinations: 108
  Selected for search: 25

--- Run 1/25: layers=7 neurons=1024 act=swish lr=0.001 Delta=1.5---

Training time: 189.06 s
  ✅ New best! Worst p99 |ΔY%| = 8.4235%

--- Run 2/25: layers=7 neurons=1024 act=swish lr=0.005 Delta=2---

Training time: 189.83 s
  Worst p99 |ΔY%| = 9.8638%

--- Run 3/25: layers=8 neurons=1024 act=gelu lr=0.002 Delta=1.5---

Training time: 157.31 s
  Worst p99 |ΔY%| = 9.6198%

--- Run 4/25: layers=6 neurons=1024 act=swish lr=0.005 Delta=2---

Training time: 143.98 s
  Worst p99 |ΔY%| = 11.3522%

--- Run 5/25: layers=7 neurons=1024 act=gelu lr=0.001 Delta=1.5---

Training time: 183.68 s
  Worst p99 |ΔY%| = 8.6229%

--- Run 6/25: layers=7 neurons=1024 act=gelu lr=0.005 Delta=2---

Training time: 165.93 s
  Worst p99 |ΔY%| = 12.7983%

--- Run 7/25: layers=8 neurons=1024 act=gelu lr=0.001 Delta=1.5---

Training time: 178.25 s
  Worst p99 |ΔY%| = 10.1724%

--- Run 8/25: layers=7 neurons=1024 act=gelu lr=0.002 Delta=2---

Training time: 216.65 s
  Worst p99 |ΔY%| = 10.0592%

--- Run 9/25: layers=6 neurons=1024 act=swish lr=0.001 Delta=2---

Training time: 157.47 s
  ✅ New best! Worst p99 |ΔY%| = 6.9561%

--- Run 10/25: layers=8 neurons=1024 act=gelu lr=0.005 Delta=1.5---

Training time: 203.16 s
  Worst p99 |ΔY%| = 15.0690%

--- Run 11/25: layers=7 neurons=512 act=gelu lr=0.005 Delta=2.5---

Training time: 129.17 s
  Worst p99 |ΔY%| = 12.6468%

--- Run 12/25: layers=6 neurons=512 act=gelu lr=0.005 Delta=1.5---

Training time: 47.13 s
  Worst p99 |ΔY%| = 44.1938%

--- Run 13/25: layers=6 neurons=1024 act=gelu lr=0.001 Delta=2---

Training time: 146.17 s
  Worst p99 |ΔY%| = 7.8459%

--- Run 14/25: layers=7 neurons=512 act=swish lr=0.001 Delta=2.5---

Training time: 118.43 s
  Worst p99 |ΔY%| = 9.8861%

--- Run 15/25: layers=7 neurons=512 act=gelu lr=0.005 Delta=2---

Training time: 97.58 s
  Worst p99 |ΔY%| = 12.4175%

--- Run 16/25: layers=6 neurons=512 act=swish lr=0.005 Delta=2.5---

Training time: 95.10 s
  Worst p99 |ΔY%| = 12.5195%

--- Run 17/25: layers=6 neurons=512 act=swish lr=0.001 Delta=2---

Training time: 106.47 s
  Worst p99 |ΔY%| = 9.3516%

--- Run 18/25: layers=7 neurons=512 act=gelu lr=0.002 Delta=2.5---

Training time: 110.47 s
  Worst p99 |ΔY%| = 10.0476%

--- Run 19/25: layers=8 neurons=512 act=swish lr=0.005 Delta=2---

Training time: 143.84 s
  Worst p99 |ΔY%| = 13.5933%

--- Run 20/25: layers=7 neurons=512 act=gelu lr=0.001 Delta=2.5---

Training time: 125.16 s
  Worst p99 |ΔY%| = 10.2666%

--- Run 21/25: layers=7 neurons=512 act=swish lr=0.002 Delta=2---

Training time: 118.85 s
  Worst p99 |ΔY%| = 10.3501%

--- Run 22/25: layers=7 neurons=1024 act=gelu lr=0.005 Delta=2.5---

Training time: 174.98 s
  Worst p99 |ΔY%| = 9.1734%

--- Run 23/25: layers=8 neurons=1024 act=swish lr=0.005 Delta=1.5---

Training time: 205.90 s
  Worst p99 |ΔY%| = 11.6606%

--- Run 24/25: layers=6 neurons=1024 act=gelu lr=0.001 Delta=1.5---

Training time: 139.69 s
  Worst p99 |ΔY%| = 7.3268%

--- Run 25/25: layers=7 neurons=1024 act=gelu lr=0.001 Delta=2.5---

Training time: 207.96 s
  Worst p99 |ΔY%| = 8.6354%

======================================================================
Search finished: best worst p99 |ΔY%| = 6.9561%
Best config: layers=6 neurons=1024 act=swish lr=0.001  Delta=2
  Loss plot saved: best_plots/best_loss_curves.pdf
  Percentage difference plot saved: best_plots/best_percentage_difference.pdf

Done.
