W0604 00:20:41.801521  151655 hlo_rematerialization.cc:3233] Can't reduce memory use below 27.79GiB (29844325990 bytes) by rematerialization; only reduced to 127.88GiB (137304735824 bytes), down from 128.44GiB (137908715600 bytes) originally
W0604 00:20:52.915161  151655 bfc_allocator.cc:502] Allocator (GPU_0_bfc) ran out of memory trying to allocate 128.19GiB (rounded to 137640284672)requested by op 
If the cause is memory fragmentation maybe the environment variable 'TF_GPU_ALLOCATOR=cuda_malloc_async' will improve the situation. 
Current allocation summary follows.
Current allocation summary follows.
W0604 00:20:52.915288  151655 bfc_allocator.cc:513] **************************************____________*************************_________________________
W0604 00:20:53.605563  151655 hlo_rematerialization.cc:3233] Can't reduce memory use below 28.05GiB (30121150054 bytes) by rematerialization; only reduced to 32.03GiB (34393292608 bytes), down from 32.12GiB (34493956176 bytes) originally
W0604 00:21:04.568970  151655 bfc_allocator.cc:502] Allocator (GPU_0_bfc) ran out of memory trying to allocate 31.95GiB (rounded to 34309410048)requested by op 
If the cause is memory fragmentation maybe the environment variable 'TF_GPU_ALLOCATOR=cuda_malloc_async' will improve the situation. 
Current allocation summary follows.
Current allocation summary follows.
W0604 00:21:04.569065  151655 bfc_allocator.cc:513] __________________________________________________********************************xx**********xxxxxx
W0604 00:21:14.575836  151655 bfc_allocator.cc:502] Allocator (GPU_0_bfc) ran out of memory trying to allocate 31.95GiB (rounded to 34309410048)requested by op 
If the cause is memory fragmentation maybe the environment variable 'TF_GPU_ALLOCATOR=cuda_malloc_async' will improve the situation. 
Current allocation summary follows.
Current allocation summary follows.
W0604 00:21:14.575949  151655 bfc_allocator.cc:513] ****************__________________________________********************************xxx_______________
Sampled for train, validation and test.
EDP solver completed.
Traceback (most recent call last):
  File "/global/u2/j/jairf/chamba/AandBkernels/numerical/AandB.py", line 335, in <module>
    write_results(path_train,      train_in,      train_out)
  File "/global/u2/j/jairf/chamba/AandBkernels/numerical/AandB.py", line 252, in write_results
    data = np.hstack([train_in, train_out])
           ^^^^^^^^^^^^^^^^^^^^^^^^^^^^^^^^
  File "/global/homes/j/jairf/.conda/envs/cosmo/lib/python3.12/site-packages/numpy/_core/shape_base.py", line 358, in hstack
    arrs = atleast_1d(*tup)
           ^^^^^^^^^^^^^^^^
  File "/global/homes/j/jairf/.conda/envs/cosmo/lib/python3.12/site-packages/numpy/_core/shape_base.py", line 67, in atleast_1d
    result = asanyarray(ary)
             ^^^^^^^^^^^^^^^
  File "/global/homes/j/jairf/.conda/envs/cosmo/lib/python3.12/site-packages/jax/_src/array.py", line 414, in __array__
    return np.asarray(self._value, dtype=dtype, **kwds)  # pyrefly: ignore[no-matching-overload]
                      ^^^^^^^^^^^
  File "/global/homes/j/jairf/.conda/envs/cosmo/lib/python3.12/site-packages/jax/_src/profiler.py", line 384, in wrapper
    return func(*args, **kwargs)
           ^^^^^^^^^^^^^^^^^^^^^
  File "/global/homes/j/jairf/.conda/envs/cosmo/lib/python3.12/site-packages/jax/_src/array.py", line 614, in _value
    npy_value, did_copy = self._single_device_array_to_np_array_did_copy()
                          ^^^^^^^^^^^^^^^^^^^^^^^^^^^^^^^^^^^^^^^^^^^^^^^^
jax.errors.JaxRuntimeError: RESOURCE_EXHAUSTED: Out of memory while trying to allocate 128.19GiB.
srun: error: nid001416: task 0: Exited with exit code 1
srun: Terminating StepId=53911181.0
